#
# There is insufficient memory for the Java Runtime Environment to continue.
# Native memory allocation (mmap) failed to map 268435456 bytes for G1 virtual space
# Possible reasons:
#   The system is out of physical RAM or swap space
#   The process is running with CompressedOops enabled, and the Java Heap may be blocking the growth of the native heap
# Possible solutions:
#   Reduce memory load on the system
#   Increase physical memory or swap space
#   Check if swap backing store is full
#   Decrease Java heap size (-Xmx/-Xms)
#   Decrease number of Java threads
#   Decrease Java thread stack sizes (-Xss)
#   Set larger code cache with -XX:ReservedCodeCacheSize=
#   JVM is running with Zero Based Compressed Oops mode in which the Java heap is
#     placed in the first 32GB address space. The Java Heap base address is the
#     maximum limit for the native heap growth. Please use -XX:HeapBaseMinAddress
#     to set the Java Heap base and to place the Java Heap above 32GB virtual address.
# This output file may be truncated or incomplete.
#
#  Out of Memory Error (os_windows.cpp:3613), pid=20200, tid=20408
#
# JRE version:  (17.0.10+7) (build )
# Java VM: OpenJDK 64-Bit Server VM (17.0.10+7, mixed mode, sharing, tiered, compressed oops, compressed class ptrs, g1 gc, windows-amd64)
# No core dump will be written. Minidumps are not enabled by default on client versions of Windows
#

---------------  S U M M A R Y ------------

Command Line: -Dfile.encoding=UTF-8 -Duser.country=KR -Duser.language=ko -Duser.variant com.ohgiraffers.test.TestApplication

Host: Intel(R) Core(TM) i5-7500 CPU @ 3.40GHz, 4 cores, 15G,  Windows 10 , 64 bit Build 19041 (10.0.19041.3636)
Time: Tue Feb 27 13:18:39 2024  Windows 10 , 64 bit Build 19041 (10.0.19041.3636) elapsed time: 0.011261 seconds (0d 0h 0m 0s)

---------------  T H R E A D  ---------------

Current thread (0x000001daa799c800):  JavaThread "Unknown thread" [_thread_in_vm, id=20408, stack(0x00000059e8300000,0x00000059e8400000)]

Stack: [0x00000059e8300000,0x00000059e8400000]
Native frames: (J=compiled Java code, j=interpreted, Vv=VM code, C=native code)
V  [jvm.dll+0x67d2c9]
V  [jvm.dll+0x834afa]
V  [jvm.dll+0x8365be]
V  [jvm.dll+0x836c23]
V  [jvm.dll+0x2477ff]
V  [jvm.dll+0x67a109]
V  [jvm.dll+0x66eb7a]
V  [jvm.dll+0x30764b]
V  [jvm.dll+0x30eaf6]
V  [jvm.dll+0x35e83e]
V  [jvm.dll+0x35ea6f]
V  [jvm.dll+0x2de248]
V  [jvm.dll+0x2df1b4]
V  [jvm.dll+0x806361]
V  [jvm.dll+0x36c6f1]
V  [jvm.dll+0x7e4e06]
V  [jvm.dll+0x3eff3f]
V  [jvm.dll+0x3f1b71]
C  [jli.dll+0x528f]
C  [ucrtbase.dll+0x21bb2]
C  [KERNEL32.DLL+0x17344]
C  [ntdll.dll+0x526b1]


---------------  P R O C E S S  ---------------

Threads class SMR info:
_java_thread_list=0x00007ffb1aaaee98, length=0, elements={
}

Java Threads: ( => current thread )

Other Threads:
  0x000001daa7a05320 GCTaskThread "GC Thread#0" [stack: 0x00000059e8400000,0x00000059e8500000] [id=19552]
  0x000001daa7a181d0 ConcurrentGCThread "G1 Main Marker" [stack: 0x00000059e8500000,0x00000059e8600000] [id=20436]
  0x000001daa7a18bf0 ConcurrentGCThread "G1 Conc#0" [stack: 0x00000059e8600000,0x00000059e8700000] [id=20392]

[error occurred during error reporting (printing all threads), id 0xc0000005, EXCEPTION_ACCESS_VIOLATION (0xc0000005) at pc=0x00007ffb1a26ec87]

VM state: not at safepoint (not fully initialized)

VM Mutex/Monitor currently owned by a thread:  ([mutex/lock_event])
[0x000001daa7995b40] Heap_lock - owner thread: 0x000001daa799c800

Heap address: 0x0000000700a00000, size: 4086 MB, Compressed Oops mode: Zero based, Oop shift amount: 3

CDS archive(s) mapped at: [0x0000000000000000-0x0000000000000000-0x0000000000000000), size 0, SharedBaseAddress: 0x0000000800000000, ArchiveRelocationMode: 1.
Narrow klass base: 0x0000000000000000, Narrow klass shift: 0, Narrow klass range: 0x0

GC Precious Log:
<Empty>

Heap:
 garbage-first heap   total 0K, used 0K [0x0000000700a00000, 0x0000000800000000)
  region size 2048K, 0 young (0K), 0 survivors (0K)

[error occurred during error reporting (printing heap information), id 0xc0000005, EXCEPTION_ACCESS_VIOLATION (0xc0000005) at pc=0x00007ffb1a656fb9]

GC Heap History (0 events):
No events

Dll operation events (1 events):
Event: 0.005 Loaded shared library C:\Dev\jdk-17.0.10+7\bin\java.dll

Deoptimization events (0 events):
No events

Classes unloaded (0 events):
No events

Classes redefined (0 events):
No events

Internal exceptions (0 events):
No events

VM Operations (0 events):
No events

Events (0 events):
No events


Dynamic libraries:
0x00007ff657a50000 - 0x00007ff657a5e000 	C:\Dev\jdk-17.0.10+7\bin\java.exe
0x00007ffb650b0000 - 0x00007ffb652a8000 	C:\Windows\SYSTEM32\ntdll.dll
0x00007ffb64270000 - 0x00007ffb6432d000 	C:\Windows\System32\KERNEL32.DLL
0x00007ffb62b30000 - 0x00007ffb62e26000 	C:\Windows\System32\KERNELBASE.dll
0x00007ffb62a30000 - 0x00007ffb62b30000 	C:\Windows\System32\ucrtbase.dll
0x00007ffb5b5f0000 - 0x00007ffb5b60b000 	C:\Dev\jdk-17.0.10+7\bin\VCRUNTIME140.dll
0x00007ffb52a50000 - 0x00007ffb52a67000 	C:\Dev\jdk-17.0.10+7\bin\jli.dll
0x00007ffb64e70000 - 0x00007ffb6500e000 	C:\Windows\System32\USER32.dll
0x00007ffb62e30000 - 0x00007ffb62e52000 	C:\Windows\System32\win32u.dll
0x00007ffb52650000 - 0x00007ffb528ea000 	C:\Windows\WinSxS\amd64_microsoft.windows.common-controls_6595b64144ccf1df_6.0.19041.3636_none_60b6a03d71f818d5\COMCTL32.dll
0x00007ffb630f0000 - 0x00007ffb6311b000 	C:\Windows\System32\GDI32.dll
0x00007ffb62e60000 - 0x00007ffb62f77000 	C:\Windows\System32\gdi32full.dll
0x00007ffb63120000 - 0x00007ffb631be000 	C:\Windows\System32\msvcrt.dll
0x00007ffb62770000 - 0x00007ffb6280d000 	C:\Windows\System32\msvcp_win.dll
0x00007ffb64330000 - 0x00007ffb64362000 	C:\Windows\System32\IMM32.DLL
0x00007ffb5b5e0000 - 0x00007ffb5b5ec000 	C:\Dev\jdk-17.0.10+7\bin\vcruntime140_1.dll
0x00007ffb39290000 - 0x00007ffb3931d000 	C:\Dev\jdk-17.0.10+7\bin\msvcp140.dll
0x00007ffb19f80000 - 0x00007ffb1abe2000 	C:\Dev\jdk-17.0.10+7\bin\server\jvm.dll
0x00007ffb64d00000 - 0x00007ffb64db3000 	C:\Windows\System32\ADVAPI32.dll
0x00007ffb63cc0000 - 0x00007ffb63d5f000 	C:\Windows\System32\sechost.dll
0x00007ffb64140000 - 0x00007ffb64266000 	C:\Windows\System32\RPCRT4.dll
0x00007ffb62a00000 - 0x00007ffb62a27000 	C:\Windows\System32\bcrypt.dll
0x00007ffb61d10000 - 0x00007ffb61d5b000 	C:\Windows\SYSTEM32\POWRPROF.dll
0x00007ffb5ba90000 - 0x00007ffb5ba99000 	C:\Windows\SYSTEM32\WSOCK32.dll
0x00007ffb63ac0000 - 0x00007ffb63b2b000 	C:\Windows\System32\WS2_32.dll
0x00007ffb52310000 - 0x00007ffb52337000 	C:\Windows\SYSTEM32\WINMM.dll
0x00007ffb5d780000 - 0x00007ffb5d78a000 	C:\Windows\SYSTEM32\VERSION.dll
0x00007ffb61b80000 - 0x00007ffb61b92000 	C:\Windows\SYSTEM32\UMPDC.dll
0x00007ffb60560000 - 0x00007ffb60572000 	C:\Windows\SYSTEM32\kernel.appcore.dll
0x00007ffb52a40000 - 0x00007ffb52a4a000 	C:\Dev\jdk-17.0.10+7\bin\jimage.dll
0x00007ffb5cc10000 - 0x00007ffb5cdf4000 	C:\Windows\SYSTEM32\DBGHELP.DLL
0x00007ffb5c940000 - 0x00007ffb5c974000 	C:\Windows\SYSTEM32\dbgcore.DLL
0x00007ffb62810000 - 0x00007ffb62892000 	C:\Windows\System32\bcryptPrimitives.dll
0x00007ffb529a0000 - 0x00007ffb529c5000 	C:\Dev\jdk-17.0.10+7\bin\java.dll

dbghelp: loaded successfully - version: 4.0.5 - missing functions: none
symbol engine: initialized successfully - sym options: 0x614 - pdb path: .;C:\Dev\jdk-17.0.10+7\bin;C:\Windows\SYSTEM32;C:\Windows\WinSxS\amd64_microsoft.windows.common-controls_6595b64144ccf1df_6.0.19041.3636_none_60b6a03d71f818d5;C:\Dev\jdk-17.0.10+7\bin\server

VM Arguments:
jvm_args: -Dfile.encoding=UTF-8 -Duser.country=KR -Duser.language=ko -Duser.variant 
java_command: com.ohgiraffers.test.TestApplication
java_class_path (initial): C:\Lecture\01_java\teamproject-attendance-management-program\build\classes\java\main;C:\Lecture\01_java\teamproject-attendance-management-program\build\resources\main;C:\Users\803-08\.gradle\caches\modules-2\files-2.1\mysql\mysql-connector-java\8.0.28\33678b1729d4f832b9e4bcb2d5bbd67940920a7a\mysql-connector-java-8.0.28.jar;C:\Users\803-08\.gradle\caches\modules-2\files-2.1\com.google.protobuf\protobuf-java\3.11.4\7ec0925cc3aef0335bbc7d57edfd42b0f86f8267\protobuf-java-3.11.4.jar
Launcher Type: SUN_STANDARD

[Global flags]
     intx CICompilerCount                          = 3                                         {product} {ergonomic}
     uint ConcGCThreads                            = 1                                         {product} {ergonomic}
     uint G1ConcRefinementThreads                  = 4                                         {product} {ergonomic}
   size_t G1HeapRegionSize                         = 2097152                                   {product} {ergonomic}
    uintx GCDrainStackTargetSize                   = 64                                        {product} {ergonomic}
   size_t InitialHeapSize                          = 268435456                                 {product} {ergonomic}
   size_t MarkStackSize                            = 4194304                                   {product} {ergonomic}
   size_t MaxHeapSize                              = 4284481536                                {product} {ergonomic}
   size_t MinHeapDeltaBytes                        = 2097152                                   {product} {ergonomic}
   size_t MinHeapSize                              = 8388608                                   {product} {ergonomic}
    uintx NonNMethodCodeHeapSize                   = 5832780                                {pd product} {ergonomic}
    uintx NonProfiledCodeHeapSize                  = 122912730                              {pd product} {ergonomic}
    uintx ProfiledCodeHeapSize                     = 122912730                              {pd product} {ergonomic}
    uintx ReservedCodeCacheSize                    = 251658240                              {pd product} {ergonomic}
     bool SegmentedCodeCache                       = true                                      {product} {ergonomic}
   size_t SoftMaxHeapSize                          = 4284481536                             {manageable} {ergonomic}
     bool UseCompressedClassPointers               = true                           {product lp64_product} {ergonomic}
     bool UseCompressedOops                        = true                           {product lp64_product} {ergonomic}
     bool UseG1GC                                  = true                                      {product} {ergonomic}
     bool UseLargePagesIndividualAllocation        = false                                  {pd product} {ergonomic}

Logging:
Log output configuration:
 #0: stdout all=warning uptime,level,tags
 #1: stderr all=off uptime,level,tags

Environment Variables:
JAVA_HOME=C:\Dev\jdk-17.0.10+7
PATH=C:\Dev\jdk-17.0.10+7\bin;C:\Windows\system32;C:\Windows;C:\Windows\System32\Wbem;C:\Windows\System32\WindowsPowerShell\v1.0\;C:\Windows\System32\OpenSSH\;C:\Program Files\Git\cmd;C:\Users\803-08\AppData\Local\Microsoft\WindowsApps;;C:\Program Files\JetBrains\IntelliJ IDEA 2023.3.3\bin;
USERNAME=803-08
OS=Windows_NT
PROCESSOR_IDENTIFIER=Intel64 Family 6 Model 158 Stepping 9, GenuineIntel
TMP=C:\Users\803-08\AppData\Local\Temp
TEMP=C:\Users\803-08\AppData\Local\Temp



Periodic native trim disabled


---------------  S Y S T E M  ---------------

OS:
 Windows 10 , 64 bit Build 19041 (10.0.19041.3636)
OS uptime: 10 days 18:37 hours

CPU: total 4 (initial active 4) (4 cores per cpu, 1 threads per core) family 6 model 158 stepping 9 microcode 0xb4, cx8, cmov, fxsr, mmx, 3dnowpref, sse, sse2, sse3, ssse3, sse4.1, sse4.2, popcnt, lzcnt, tsc, tscinvbit, avx, avx2, aes, erms, clmul, bmi1, bmi2, rtm, adx, fma, vzeroupper, clflush, clflushopt
Processor Information for all 4 processors :
  Max Mhz: 3401, Current Mhz: 3401, Mhz Limit: 3401

Memory: 4k page, system-wide physical 16342M (3096M free)
TotalPageFile size 30545M (AvailPageFile size 135M)
current process WorkingSet (physical memory assigned to process): 10M, peak: 10M
current process commit charge ("private bytes"): 52M, peak: 308M

vm_info: OpenJDK 64-Bit Server VM (17.0.10+7) for windows-amd64 JRE (17.0.10+7), built on Jan 16 2024 23:25:11 by "admin" with MS VC++ 16.10 / 16.11 (VS2019)

END.
